Running: D:\Xilinx\14.5\ISE_DS\ISE\bin\nt\unwrapped\fuse.exe -intstyle ise -incremental -lib unisims_ver -lib unimacro_ver -lib xilinxcorelib_ver -lib secureip -o C:/Users/M.UMER/Desktop/DLD Project/ALU/ALU_tb_isim_beh.exe -prj C:/Users/M.UMER/Desktop/DLD Project/ALU/ALU_tb_beh.prj work.ALU_tb work.glbl 
ISim P.58f (signature 0x8ef4fb42)
Number of CPUs detected in this system: 2
Turning on mult-threading, number of parallel sub-compilation jobs: 4 
Determining compilation order of HDL files
Analyzing Verilog file "C:/Users/M.UMER/Desktop/DLD Project/ALU/ALU.v" into library work
Analyzing Verilog file "C:/Users/M.UMER/Desktop/DLD Project/ALU/ALU_tb.v" into library work
Analyzing Verilog file "D:/Xilinx/14.5/ISE_DS/ISE//verilog/src/glbl.v" into library work
Starting static elaboration
Completed static elaboration
Fuse Memory Usage: 104912 KB
Fuse CPU Usage: 233 ms
Compiling module ALU
Compiling module ALU_tb
Compiling module glbl
Time Resolution for simulation is 1ps.
Waiting for 1 sub-compilation(s) to finish...
Compiled 3 Verilog Units
Built simulation executable C:/Users/M.UMER/Desktop/DLD Project/ALU/ALU_tb_isim_beh.exe
Fuse Memory Usage: 109500 KB
Fuse CPU Usage: 280 ms
